
*** Running vivado
    with args -log dmem_i.vds -m64 -product Vivado -mode batch -messageDb vivado.pb -notrace -source dmem_i.tcl


****** Vivado v2016.4 (64-bit)
  **** SW Build 1756540 on Mon Jan 23 19:11:19 MST 2017
  **** IP Build 1755317 on Mon Jan 23 20:30:07 MST 2017
    ** Copyright 1986-2016 Xilinx, Inc. All Rights Reserved.

source dmem_i.tcl -notrace
Starting RTL Elaboration : Time (s): cpu = 00:00:15 ; elapsed = 00:00:18 . Memory (MB): peak = 1113.535 ; gain = 179.090 ; free physical = 2650 ; free virtual = 7078
INFO: [Synth 8-638] synthesizing module 'dmem_i' [/home/yuzou/bnn-fpga-k7/VerilogPrj/VerilogPrj.srcs/sources_1/ip/dmem_i/synth/dmem_i.vhd:70]
INFO: [Synth 8-256] done synthesizing module 'dmem_i' (9#1) [/home/yuzou/bnn-fpga-k7/VerilogPrj/VerilogPrj.srcs/sources_1/ip/dmem_i/synth/dmem_i.vhd:70]
Finished RTL Elaboration : Time (s): cpu = 00:01:24 ; elapsed = 00:01:28 . Memory (MB): peak = 1313.680 ; gain = 379.234 ; free physical = 2446 ; free virtual = 6876
Finished RTL Optimization Phase 1 : Time (s): cpu = 00:01:24 ; elapsed = 00:01:28 . Memory (MB): peak = 1313.680 ; gain = 379.234 ; free physical = 2446 ; free virtual = 6876
INFO: [Device 21-403] Loading part xc7k325tffg900-2
Constraint Validation Runtime : Time (s): cpu = 00:00:00.03 ; elapsed = 00:00:00.03 . Memory (MB): peak = 1444.691 ; gain = 0.004 ; free physical = 2346 ; free virtual = 6777
Finished Constraint Validation : Time (s): cpu = 00:01:43 ; elapsed = 00:01:47 . Memory (MB): peak = 1444.691 ; gain = 510.246 ; free physical = 2343 ; free virtual = 6774
Finished Loading Part and Timing Information : Time (s): cpu = 00:01:43 ; elapsed = 00:01:47 . Memory (MB): peak = 1444.691 ; gain = 510.246 ; free physical = 2343 ; free virtual = 6774
Finished applying 'set_property' XDC Constraints : Time (s): cpu = 00:01:43 ; elapsed = 00:01:47 . Memory (MB): peak = 1444.691 ; gain = 510.246 ; free physical = 2343 ; free virtual = 6774
Finished RTL Optimization Phase 2 : Time (s): cpu = 00:01:43 ; elapsed = 00:01:47 . Memory (MB): peak = 1444.691 ; gain = 510.246 ; free physical = 2343 ; free virtual = 6774
Finished Cross Boundary and Area Optimization : Time (s): cpu = 00:01:43 ; elapsed = 00:01:48 . Memory (MB): peak = 1444.691 ; gain = 510.246 ; free physical = 2343 ; free virtual = 6774
Finished Applying XDC Timing Constraints : Time (s): cpu = 00:01:56 ; elapsed = 00:02:01 . Memory (MB): peak = 1444.691 ; gain = 510.246 ; free physical = 2345 ; free virtual = 6776
Finished Timing Optimization : Time (s): cpu = 00:01:56 ; elapsed = 00:02:01 . Memory (MB): peak = 1444.691 ; gain = 510.246 ; free physical = 2345 ; free virtual = 6776
Finished Technology Mapping : Time (s): cpu = 00:01:56 ; elapsed = 00:02:01 . Memory (MB): peak = 1453.703 ; gain = 519.258 ; free physical = 2338 ; free virtual = 6768
Finished IO Insertion : Time (s): cpu = 00:01:57 ; elapsed = 00:02:02 . Memory (MB): peak = 1453.707 ; gain = 519.262 ; free physical = 2338 ; free virtual = 6769
Finished Renaming Generated Instances : Time (s): cpu = 00:01:57 ; elapsed = 00:02:02 . Memory (MB): peak = 1453.707 ; gain = 519.262 ; free physical = 2338 ; free virtual = 6769
Finished Rebuilding User Hierarchy : Time (s): cpu = 00:01:57 ; elapsed = 00:02:02 . Memory (MB): peak = 1453.707 ; gain = 519.262 ; free physical = 2338 ; free virtual = 6769
Finished Renaming Generated Ports : Time (s): cpu = 00:01:57 ; elapsed = 00:02:02 . Memory (MB): peak = 1453.707 ; gain = 519.262 ; free physical = 2338 ; free virtual = 6769
Finished Handling Custom Attributes : Time (s): cpu = 00:01:57 ; elapsed = 00:02:02 . Memory (MB): peak = 1453.707 ; gain = 519.262 ; free physical = 2338 ; free virtual = 6769
Finished Renaming Generated Nets : Time (s): cpu = 00:01:57 ; elapsed = 00:02:02 . Memory (MB): peak = 1453.707 ; gain = 519.262 ; free physical = 2338 ; free virtual = 6769

Report Cell Usage: 
+------+---------+------+
|      |Cell     |Count |
+------+---------+------+
|1     |RAMB36E1 |     4|
+------+---------+------+
Finished Writing Synthesis Report : Time (s): cpu = 00:01:57 ; elapsed = 00:02:02 . Memory (MB): peak = 1453.707 ; gain = 519.262 ; free physical = 2338 ; free virtual = 6769
synth_design: Time (s): cpu = 00:01:53 ; elapsed = 00:01:55 . Memory (MB): peak = 1480.223 ; gain = 457.273 ; free physical = 2312 ; free virtual = 6743
