
*** Running vivado
    with args -log wt_i.vds -m64 -product Vivado -mode batch -messageDb vivado.pb -notrace -source wt_i.tcl


****** Vivado v2016.4 (64-bit)
  **** SW Build 1756540 on Mon Jan 23 19:11:19 MST 2017
  **** IP Build 1755317 on Mon Jan 23 20:30:07 MST 2017
    ** Copyright 1986-2016 Xilinx, Inc. All Rights Reserved.

source wt_i.tcl -notrace
Starting RTL Elaboration : Time (s): cpu = 00:00:15 ; elapsed = 00:00:15 . Memory (MB): peak = 1113.539 ; gain = 179.090 ; free physical = 2045 ; free virtual = 6507
INFO: [Synth 8-638] synthesizing module 'wt_i' [/home/yuzou/bnn-fpga-k7/VerilogPrj/VerilogPrj.srcs/sources_1/ip/wt_i/synth/wt_i.vhd:70]
INFO: [Synth 8-256] done synthesizing module 'wt_i' (11#1) [/home/yuzou/bnn-fpga-k7/VerilogPrj/VerilogPrj.srcs/sources_1/ip/wt_i/synth/wt_i.vhd:70]
Finished RTL Elaboration : Time (s): cpu = 00:01:31 ; elapsed = 00:01:32 . Memory (MB): peak = 1313.684 ; gain = 379.234 ; free physical = 1819 ; free virtual = 6333
Finished RTL Optimization Phase 1 : Time (s): cpu = 00:01:31 ; elapsed = 00:01:33 . Memory (MB): peak = 1313.684 ; gain = 379.234 ; free physical = 1819 ; free virtual = 6333
INFO: [Device 21-403] Loading part xc7k325tffg900-2
Constraint Validation Runtime : Time (s): cpu = 00:00:00.03 ; elapsed = 00:00:00.03 . Memory (MB): peak = 1509.695 ; gain = 0.004 ; free physical = 1643 ; free virtual = 6158
Finished Constraint Validation : Time (s): cpu = 00:01:50 ; elapsed = 00:01:52 . Memory (MB): peak = 1509.695 ; gain = 575.246 ; free physical = 1629 ; free virtual = 6144
Finished Loading Part and Timing Information : Time (s): cpu = 00:01:50 ; elapsed = 00:01:52 . Memory (MB): peak = 1509.695 ; gain = 575.246 ; free physical = 1629 ; free virtual = 6144
Finished applying 'set_property' XDC Constraints : Time (s): cpu = 00:01:50 ; elapsed = 00:01:52 . Memory (MB): peak = 1509.695 ; gain = 575.246 ; free physical = 1629 ; free virtual = 6144
Finished RTL Optimization Phase 2 : Time (s): cpu = 00:01:51 ; elapsed = 00:01:53 . Memory (MB): peak = 1509.695 ; gain = 575.246 ; free physical = 1609 ; free virtual = 6123
Finished Cross Boundary and Area Optimization : Time (s): cpu = 00:01:51 ; elapsed = 00:01:53 . Memory (MB): peak = 1509.695 ; gain = 575.246 ; free physical = 1605 ; free virtual = 6120
Finished Applying XDC Timing Constraints : Time (s): cpu = 00:02:05 ; elapsed = 00:02:07 . Memory (MB): peak = 1509.695 ; gain = 575.246 ; free physical = 1590 ; free virtual = 6104
Finished Timing Optimization : Time (s): cpu = 00:02:05 ; elapsed = 00:02:07 . Memory (MB): peak = 1509.695 ; gain = 575.246 ; free physical = 1590 ; free virtual = 6104
Finished Technology Mapping : Time (s): cpu = 00:02:05 ; elapsed = 00:02:07 . Memory (MB): peak = 1509.695 ; gain = 575.246 ; free physical = 1590 ; free virtual = 6104
Finished IO Insertion : Time (s): cpu = 00:02:06 ; elapsed = 00:02:07 . Memory (MB): peak = 1509.695 ; gain = 575.246 ; free physical = 1590 ; free virtual = 6104
Finished Renaming Generated Instances : Time (s): cpu = 00:02:06 ; elapsed = 00:02:07 . Memory (MB): peak = 1509.695 ; gain = 575.246 ; free physical = 1590 ; free virtual = 6104
Finished Rebuilding User Hierarchy : Time (s): cpu = 00:02:06 ; elapsed = 00:02:07 . Memory (MB): peak = 1509.695 ; gain = 575.246 ; free physical = 1590 ; free virtual = 6104
Finished Renaming Generated Ports : Time (s): cpu = 00:02:06 ; elapsed = 00:02:07 . Memory (MB): peak = 1509.695 ; gain = 575.246 ; free physical = 1590 ; free virtual = 6104
Finished Handling Custom Attributes : Time (s): cpu = 00:02:06 ; elapsed = 00:02:08 . Memory (MB): peak = 1509.695 ; gain = 575.246 ; free physical = 1590 ; free virtual = 6104
Finished Renaming Generated Nets : Time (s): cpu = 00:02:06 ; elapsed = 00:02:08 . Memory (MB): peak = 1509.695 ; gain = 575.246 ; free physical = 1590 ; free virtual = 6104

Report Cell Usage: 
+------+---------+------+
|      |Cell     |Count |
+------+---------+------+
|1     |LUT2     |     2|
|2     |LUT3     |    64|
|3     |RAMB18E1 |     1|
|4     |RAMB36E1 |    14|
|5     |FDRE     |     2|
+------+---------+------+
Finished Writing Synthesis Report : Time (s): cpu = 00:02:06 ; elapsed = 00:02:08 . Memory (MB): peak = 1509.695 ; gain = 575.246 ; free physical = 1590 ; free virtual = 6104
synth_design: Time (s): cpu = 00:02:02 ; elapsed = 00:02:04 . Memory (MB): peak = 1509.699 ; gain = 486.746 ; free physical = 1595 ; free virtual = 6109
