
*** Running vivado
    with args -log dmem_o.vds -m64 -product Vivado -mode batch -messageDb vivado.pb -notrace -source dmem_o.tcl


****** Vivado v2016.4 (64-bit)
  **** SW Build 1756540 on Mon Jan 23 19:11:19 MST 2017
  **** IP Build 1755317 on Mon Jan 23 20:30:07 MST 2017
    ** Copyright 1986-2016 Xilinx, Inc. All Rights Reserved.

source dmem_o.tcl -notrace
Starting RTL Elaboration : Time (s): cpu = 00:00:15 ; elapsed = 00:00:29 . Memory (MB): peak = 1113.531 ; gain = 179.090 ; free physical = 1232 ; free virtual = 5469
INFO: [Synth 8-638] synthesizing module 'dmem_o' [/home/yuzou/bnn-fpga-k7/VerilogPrj/VerilogPrj.srcs/sources_1/ip/dmem_o/synth/dmem_o.vhd:70]
INFO: [Synth 8-256] done synthesizing module 'dmem_o' (9#1) [/home/yuzou/bnn-fpga-k7/VerilogPrj/VerilogPrj.srcs/sources_1/ip/dmem_o/synth/dmem_o.vhd:70]
Finished RTL Elaboration : Time (s): cpu = 00:01:22 ; elapsed = 00:01:38 . Memory (MB): peak = 1313.207 ; gain = 378.766 ; free physical = 1009 ; free virtual = 5251
Finished RTL Optimization Phase 1 : Time (s): cpu = 00:01:23 ; elapsed = 00:01:38 . Memory (MB): peak = 1313.207 ; gain = 378.766 ; free physical = 1009 ; free virtual = 5251
INFO: [Device 21-403] Loading part xc7k325tffg900-2
Constraint Validation Runtime : Time (s): cpu = 00:00:00.02 ; elapsed = 00:00:00.09 . Memory (MB): peak = 1426.219 ; gain = 0.004 ; free physical = 865 ; free virtual = 5155
Finished Constraint Validation : Time (s): cpu = 00:01:41 ; elapsed = 00:02:00 . Memory (MB): peak = 1426.219 ; gain = 491.777 ; free physical = 862 ; free virtual = 5153
Finished Loading Part and Timing Information : Time (s): cpu = 00:01:41 ; elapsed = 00:02:00 . Memory (MB): peak = 1426.219 ; gain = 491.777 ; free physical = 862 ; free virtual = 5153
Finished applying 'set_property' XDC Constraints : Time (s): cpu = 00:01:41 ; elapsed = 00:02:00 . Memory (MB): peak = 1426.219 ; gain = 491.777 ; free physical = 862 ; free virtual = 5153
Finished RTL Optimization Phase 2 : Time (s): cpu = 00:01:42 ; elapsed = 00:02:00 . Memory (MB): peak = 1426.219 ; gain = 491.777 ; free physical = 861 ; free virtual = 5151
Finished Cross Boundary and Area Optimization : Time (s): cpu = 00:01:42 ; elapsed = 00:02:00 . Memory (MB): peak = 1426.219 ; gain = 491.777 ; free physical = 860 ; free virtual = 5151
Finished Applying XDC Timing Constraints : Time (s): cpu = 00:01:55 ; elapsed = 00:02:14 . Memory (MB): peak = 1445.215 ; gain = 510.773 ; free physical = 821 ; free virtual = 5119
Finished Timing Optimization : Time (s): cpu = 00:01:55 ; elapsed = 00:02:14 . Memory (MB): peak = 1445.215 ; gain = 510.773 ; free physical = 821 ; free virtual = 5119
Finished Technology Mapping : Time (s): cpu = 00:01:55 ; elapsed = 00:02:14 . Memory (MB): peak = 1455.230 ; gain = 520.789 ; free physical = 810 ; free virtual = 5108
Finished IO Insertion : Time (s): cpu = 00:01:56 ; elapsed = 00:02:14 . Memory (MB): peak = 1455.234 ; gain = 520.793 ; free physical = 810 ; free virtual = 5109
Finished Renaming Generated Instances : Time (s): cpu = 00:01:56 ; elapsed = 00:02:14 . Memory (MB): peak = 1455.234 ; gain = 520.793 ; free physical = 810 ; free virtual = 5109
Finished Rebuilding User Hierarchy : Time (s): cpu = 00:01:56 ; elapsed = 00:02:14 . Memory (MB): peak = 1455.234 ; gain = 520.793 ; free physical = 810 ; free virtual = 5109
Finished Renaming Generated Ports : Time (s): cpu = 00:01:56 ; elapsed = 00:02:14 . Memory (MB): peak = 1455.234 ; gain = 520.793 ; free physical = 810 ; free virtual = 5109
Finished Handling Custom Attributes : Time (s): cpu = 00:01:56 ; elapsed = 00:02:14 . Memory (MB): peak = 1455.234 ; gain = 520.793 ; free physical = 810 ; free virtual = 5109
Finished Renaming Generated Nets : Time (s): cpu = 00:01:56 ; elapsed = 00:02:14 . Memory (MB): peak = 1455.234 ; gain = 520.793 ; free physical = 810 ; free virtual = 5109

Report Cell Usage: 
+------+---------+------+
|      |Cell     |Count |
+------+---------+------+
|1     |RAMB36E1 |     1|
+------+---------+------+
Finished Writing Synthesis Report : Time (s): cpu = 00:01:56 ; elapsed = 00:02:14 . Memory (MB): peak = 1455.234 ; gain = 520.793 ; free physical = 810 ; free virtual = 5109
synth_design: Time (s): cpu = 00:01:52 ; elapsed = 00:01:57 . Memory (MB): peak = 1479.750 ; gain = 455.805 ; free physical = 801 ; free virtual = 5102
